<?xml version="1.0" encoding="UTF-8"?>
<testsuite xmlns:xsi="http://www.w3.org/2001/XMLSchema-instance" xsi:noNamespaceSchemaLocation="https://maven.apache.org/surefire/maven-surefire-plugin/xsd/surefire-test-report.xsd" name="com.lcl.pname.MPTest" time="0.001" tests="0" errors="0" skipped="0" failures="0">
  <properties>
    <property name="sun.desktop" value="windows"/>
    <property name="awt.toolkit" value="sun.awt.windows.WToolkit"/>
    <property name="java.specification.version" value="11"/>
    <property name="sun.cpu.isalist" value="amd64"/>
    <property name="sun.jnu.encoding" value="GBK"/>
    <property name="java.class.path" value="D:\lcl-temp\idea-workspace\3-teach\springbootdemo1\springbootdemo1\common\target\test-classes;D:\lcl-temp\idea-workspace\3-teach\springbootdemo1\springbootdemo1\common\target\classes;D:\lcl-temp\maven\repository\com\baomidou\mybatis-plus-boot-starter\3.5.1\mybatis-plus-boot-starter-3.5.1.jar;D:\lcl-temp\maven\repository\com\baomidou\mybatis-plus\3.5.1\mybatis-plus-3.5.1.jar;D:\lcl-temp\maven\repository\com\baomidou\mybatis-plus-extension\3.5.1\mybatis-plus-extension-3.5.1.jar;D:\lcl-temp\maven\repository\com\baomidou\mybatis-plus-core\3.5.1\mybatis-plus-core-3.5.1.jar;D:\lcl-temp\maven\repository\com\baomidou\mybatis-plus-annotation\3.5.1\mybatis-plus-annotation-3.5.1.jar;D:\lcl-temp\maven\repository\com\github\jsqlparser\jsqlparser\4.3\jsqlparser-4.3.jar;D:\lcl-temp\maven\repository\org\mybatis\mybatis\3.5.9\mybatis-3.5.9.jar;D:\lcl-temp\maven\repository\org\mybatis\mybatis-spring\2.0.6\mybatis-spring-2.0.6.jar;D:\lcl-temp\maven\repository\org\springframework\boot\spring-boot-autoconfigure\2.5.12\spring-boot-autoconfigure-2.5.12.jar;D:\lcl-temp\maven\repository\org\springframework\boot\spring-boot\2.5.12\spring-boot-2.5.12.jar;D:\lcl-temp\maven\repository\org\springframework\spring-core\5.3.18\spring-core-5.3.18.jar;D:\lcl-temp\maven\repository\org\springframework\spring-jcl\5.3.18\spring-jcl-5.3.18.jar;D:\lcl-temp\maven\repository\org\springframework\spring-context\5.3.18\spring-context-5.3.18.jar;D:\lcl-temp\maven\repository\org\springframework\spring-aop\5.3.18\spring-aop-5.3.18.jar;D:\lcl-temp\maven\repository\org\springframework\spring-expression\5.3.18\spring-expression-5.3.18.jar;D:\lcl-temp\maven\repository\org\springframework\boot\spring-boot-starter-jdbc\2.5.12\spring-boot-starter-jdbc-2.5.12.jar;D:\lcl-temp\maven\repository\org\springframework\boot\spring-boot-starter\2.5.12\spring-boot-starter-2.5.12.jar;D:\lcl-temp\maven\repository\org\springframework\boot\spring-boot-starter-logging\2.5.12\spring-boot-starter-logging-2.5.12.jar;D:\lcl-temp\maven\repository\ch\qos\logback\logback-classic\1.2.11\logback-classic-1.2.11.jar;D:\lcl-temp\maven\repository\ch\qos\logback\logback-core\1.2.11\logback-core-1.2.11.jar;D:\lcl-temp\maven\repository\org\apache\logging\log4j\log4j-to-slf4j\2.17.2\log4j-to-slf4j-2.17.2.jar;D:\lcl-temp\maven\repository\org\apache\logging\log4j\log4j-api\2.17.2\log4j-api-2.17.2.jar;D:\lcl-temp\maven\repository\org\slf4j\jul-to-slf4j\1.7.36\jul-to-slf4j-1.7.36.jar;D:\lcl-temp\maven\repository\jakarta\annotation\jakarta.annotation-api\1.3.5\jakarta.annotation-api-1.3.5.jar;D:\lcl-temp\maven\repository\org\yaml\snakeyaml\1.28\snakeyaml-1.28.jar;D:\lcl-temp\maven\repository\com\zaxxer\HikariCP\4.0.3\HikariCP-4.0.3.jar;D:\lcl-temp\maven\repository\org\springframework\spring-jdbc\5.3.18\spring-jdbc-5.3.18.jar;D:\lcl-temp\maven\repository\org\springframework\spring-beans\5.3.18\spring-beans-5.3.18.jar;D:\lcl-temp\maven\repository\org\springframework\spring-tx\5.3.18\spring-tx-5.3.18.jar;D:\lcl-temp\maven\repository\com\baomidou\mybatis-plus-generator\3.5.1\mybatis-plus-generator-3.5.1.jar;D:\lcl-temp\maven\repository\org\freemarker\freemarker\2.3.31\freemarker-2.3.31.jar;D:\lcl-temp\maven\repository\mysql\mysql-connector-java\8.0.28\mysql-connector-java-8.0.28.jar;D:\lcl-temp\maven\repository\com\alibaba\druid-spring-boot-starter\1.2.8\druid-spring-boot-starter-1.2.8.jar;D:\lcl-temp\maven\repository\com\alibaba\druid\1.2.8\druid-1.2.8.jar;D:\lcl-temp\maven\repository\javax\annotation\javax.annotation-api\1.3.2\javax.annotation-api-1.3.2.jar;D:\lcl-temp\maven\repository\org\slf4j\slf4j-api\1.7.36\slf4j-api-1.7.36.jar;D:\lcl-temp\maven\repository\org\projectlombok\lombok\1.18.22\lombok-1.18.22.jar;"/>
    <property name="java.vm.vendor" value="Oracle Corporation"/>
    <property name="sun.arch.data.model" value="64"/>
    <property name="user.variant" value=""/>
    <property name="java.vendor.url" value="http://java.oracle.com/"/>
    <property name="user.timezone" value="Asia/Shanghai"/>
    <property name="java.vm.specification.version" value="11"/>
    <property name="os.name" value="Windows 10"/>
    <property name="sun.java.launcher" value="SUN_STANDARD"/>
    <property name="user.country" value="CN"/>
    <property name="sun.boot.library.path" value="D:\lcl-temp\jdk-install\bin"/>
    <property name="sun.java.command" value="C:\Users\59887\AppData\Local\Temp\surefire14949994888136794218\surefirebooter4425598427259640873.jar C:\Users\59887\AppData\Local\Temp\surefire14949994888136794218 2022-04-22T10-47-49_103-jvmRun1 surefire3921625791584379766tmp surefire_09577157636774665678tmp"/>
    <property name="jdk.debug" value="release"/>
    <property name="surefire.test.class.path" value="D:\lcl-temp\idea-workspace\3-teach\springbootdemo1\springbootdemo1\common\target\test-classes;D:\lcl-temp\idea-workspace\3-teach\springbootdemo1\springbootdemo1\common\target\classes;D:\lcl-temp\maven\repository\com\baomidou\mybatis-plus-boot-starter\3.5.1\mybatis-plus-boot-starter-3.5.1.jar;D:\lcl-temp\maven\repository\com\baomidou\mybatis-plus\3.5.1\mybatis-plus-3.5.1.jar;D:\lcl-temp\maven\repository\com\baomidou\mybatis-plus-extension\3.5.1\mybatis-plus-extension-3.5.1.jar;D:\lcl-temp\maven\repository\com\baomidou\mybatis-plus-core\3.5.1\mybatis-plus-core-3.5.1.jar;D:\lcl-temp\maven\repository\com\baomidou\mybatis-plus-annotation\3.5.1\mybatis-plus-annotation-3.5.1.jar;D:\lcl-temp\maven\repository\com\github\jsqlparser\jsqlparser\4.3\jsqlparser-4.3.jar;D:\lcl-temp\maven\repository\org\mybatis\mybatis\3.5.9\mybatis-3.5.9.jar;D:\lcl-temp\maven\repository\org\mybatis\mybatis-spring\2.0.6\mybatis-spring-2.0.6.jar;D:\lcl-temp\maven\repository\org\springframework\boot\spring-boot-autoconfigure\2.5.12\spring-boot-autoconfigure-2.5.12.jar;D:\lcl-temp\maven\repository\org\springframework\boot\spring-boot\2.5.12\spring-boot-2.5.12.jar;D:\lcl-temp\maven\repository\org\springframework\spring-core\5.3.18\spring-core-5.3.18.jar;D:\lcl-temp\maven\repository\org\springframework\spring-jcl\5.3.18\spring-jcl-5.3.18.jar;D:\lcl-temp\maven\repository\org\springframework\spring-context\5.3.18\spring-context-5.3.18.jar;D:\lcl-temp\maven\repository\org\springframework\spring-aop\5.3.18\spring-aop-5.3.18.jar;D:\lcl-temp\maven\repository\org\springframework\spring-expression\5.3.18\spring-expression-5.3.18.jar;D:\lcl-temp\maven\repository\org\springframework\boot\spring-boot-starter-jdbc\2.5.12\spring-boot-starter-jdbc-2.5.12.jar;D:\lcl-temp\maven\repository\org\springframework\boot\spring-boot-starter\2.5.12\spring-boot-starter-2.5.12.jar;D:\lcl-temp\maven\repository\org\springframework\boot\spring-boot-starter-logging\2.5.12\spring-boot-starter-logging-2.5.12.jar;D:\lcl-temp\maven\repository\ch\qos\logback\logback-classic\1.2.11\logback-classic-1.2.11.jar;D:\lcl-temp\maven\repository\ch\qos\logback\logback-core\1.2.11\logback-core-1.2.11.jar;D:\lcl-temp\maven\repository\org\apache\logging\log4j\log4j-to-slf4j\2.17.2\log4j-to-slf4j-2.17.2.jar;D:\lcl-temp\maven\repository\org\apache\logging\log4j\log4j-api\2.17.2\log4j-api-2.17.2.jar;D:\lcl-temp\maven\repository\org\slf4j\jul-to-slf4j\1.7.36\jul-to-slf4j-1.7.36.jar;D:\lcl-temp\maven\repository\jakarta\annotation\jakarta.annotation-api\1.3.5\jakarta.annotation-api-1.3.5.jar;D:\lcl-temp\maven\repository\org\yaml\snakeyaml\1.28\snakeyaml-1.28.jar;D:\lcl-temp\maven\repository\com\zaxxer\HikariCP\4.0.3\HikariCP-4.0.3.jar;D:\lcl-temp\maven\repository\org\springframework\spring-jdbc\5.3.18\spring-jdbc-5.3.18.jar;D:\lcl-temp\maven\repository\org\springframework\spring-beans\5.3.18\spring-beans-5.3.18.jar;D:\lcl-temp\maven\repository\org\springframework\spring-tx\5.3.18\spring-tx-5.3.18.jar;D:\lcl-temp\maven\repository\com\baomidou\mybatis-plus-generator\3.5.1\mybatis-plus-generator-3.5.1.jar;D:\lcl-temp\maven\repository\org\freemarker\freemarker\2.3.31\freemarker-2.3.31.jar;D:\lcl-temp\maven\repository\mysql\mysql-connector-java\8.0.28\mysql-connector-java-8.0.28.jar;D:\lcl-temp\maven\repository\com\alibaba\druid-spring-boot-starter\1.2.8\druid-spring-boot-starter-1.2.8.jar;D:\lcl-temp\maven\repository\com\alibaba\druid\1.2.8\druid-1.2.8.jar;D:\lcl-temp\maven\repository\javax\annotation\javax.annotation-api\1.3.2\javax.annotation-api-1.3.2.jar;D:\lcl-temp\maven\repository\org\slf4j\slf4j-api\1.7.36\slf4j-api-1.7.36.jar;D:\lcl-temp\maven\repository\org\projectlombok\lombok\1.18.22\lombok-1.18.22.jar;"/>
    <property name="sun.cpu.endian" value="little"/>
    <property name="user.home" value="C:\Users\59887"/>
    <property name="user.language" value="zh"/>
    <property name="java.specification.vendor" value="Oracle Corporation"/>
    <property name="java.version.date" value="2018-10-16"/>
    <property name="java.home" value="D:\lcl-temp\jdk-install"/>
    <property name="file.separator" value="\"/>
    <property name="basedir" value="D:\lcl-temp\idea-workspace\3-teach\springbootdemo1\springbootdemo1\common"/>
    <property name="java.vm.compressedOopsMode" value="32-bit"/>
    <property name="line.separator" value="&#10;"/>
    <property name="java.specification.name" value="Java Platform API Specification"/>
    <property name="java.vm.specification.vendor" value="Oracle Corporation"/>
    <property name="java.awt.graphicsenv" value="sun.awt.Win32GraphicsEnvironment"/>
    <property name="surefire.real.class.path" value="C:\Users\59887\AppData\Local\Temp\surefire14949994888136794218\surefirebooter4425598427259640873.jar"/>
    <property name="user.script" value=""/>
    <property name="sun.management.compiler" value="HotSpot 64-Bit Tiered Compilers"/>
    <property name="java.runtime.version" value="11.0.1+13-LTS"/>
    <property name="user.name" value="hello  Word"/>
    <property name="path.separator" value=";"/>
    <property name="os.version" value="10.0"/>
    <property name="java.runtime.name" value="Java(TM) SE Runtime Environment"/>
    <property name="file.encoding" value="GBK"/>
    <property name="java.vm.name" value="Java HotSpot(TM) 64-Bit Server VM"/>
    <property name="java.vendor.version" value="18.9"/>
    <property name="localRepository" value="D:\lcl-temp\maven\repository"/>
    <property name="java.vendor.url.bug" value="http://bugreport.java.com/bugreport/"/>
    <property name="java.io.tmpdir" value="C:\Users\59887\AppData\Local\Temp\"/>
    <property name="idea.version" value="2022.1"/>
    <property name="java.version" value="11.0.1"/>
    <property name="user.dir" value="D:\lcl-temp\idea-workspace\3-teach\springbootdemo1\springbootdemo1\common"/>
    <property name="os.arch" value="amd64"/>
    <property name="java.vm.specification.name" value="Java Virtual Machine Specification"/>
    <property name="java.awt.printerjob" value="sun.awt.windows.WPrinterJob"/>
    <property name="sun.os.patch.level" value=""/>
    <property name="java.library.path" value="D:\lcl-temp\jdk-install\bin;C:\WINDOWS\Sun\Java\bin;C:\WINDOWS\system32;C:\WINDOWS;C:\WINDOWS\system32;C:\WINDOWS;C:\WINDOWS\System32\Wbem;C:\WINDOWS\System32\WindowsPowerShell\v1.0\;C:\WINDOWS\System32\OpenSSH\;D:\lcl-temp\jdk-install\bin;D:\lcl-temp\Git\Git\cmd;D:\lcl-temp\MySql\mysql-8.0.26-winx64\mysql-8.0.26-winx64\bin;C:\Users\59887\AppData\Local\Microsoft\WindowsApps;;."/>
    <property name="java.vendor" value="Oracle Corporation"/>
    <property name="java.vm.info" value="mixed mode"/>
    <property name="java.vm.version" value="11.0.1+13-LTS"/>
    <property name="sun.io.unicode.encoding" value="UnicodeLittle"/>
    <property name="java.class.version" value="55.0"/>
  </properties>
</testsuite>